In file included from jni.h:27:0,
                 from org_vesalainen_comm_channel_winx_WinSerialChannel.h:2,
                 from SerialChannel.h:26,
                 from SerialChannel.c:21:
jni_md.h:16:1: error: unknown type name ‘__int64’
In file included from org_vesalainen_comm_channel_winx_WinSerialChannel.h:2:0,
                 from SerialChannel.h:26,
                 from SerialChannel.c:21:
jni.h:202:19: error: expected ‘)’ before ‘*’ token
jni.h:204:21: error: expected ‘)’ before ‘*’ token
jni.h:207:21: error: expected ‘)’ before ‘*’ token
jni.h:210:24: error: expected ‘)’ before ‘*’ token
jni.h:212:23: error: expected ‘)’ before ‘*’ token
jni.h:215:22: error: expected ‘)’ before ‘*’ token
jni.h:218:21: error: expected ‘)’ before ‘*’ token
jni.h:220:23: error: expected ‘)’ before ‘*’ token
jni.h:223:22: error: expected ‘)’ before ‘*’ token
jni.h:226:19: error: expected ‘)’ before ‘*’ token
jni.h:228:19: error: expected ‘)’ before ‘*’ token
jni.h:230:25: error: expected ‘)’ before ‘*’ token
jni.h:232:19: error: expected ‘)’ before ‘*’ token
jni.h:234:19: error: expected ‘)’ before ‘*’ token
jni.h:236:19: error: expected ‘)’ before ‘*’ token
jni.h:239:19: error: expected ‘)’ before ‘*’ token
jni.h:241:22: error: expected ‘)’ before ‘*’ token
jni.h:244:22: error: expected ‘)’ before ‘*’ token
jni.h:246:19: error: expected ‘)’ before ‘*’ token
jni.h:248:19: error: expected ‘)’ before ‘*’ token
jni.h:250:23: error: expected ‘)’ before ‘*’ token
jni.h:252:22: error: expected ‘)’ before ‘*’ token
jni.h:254:19: error: expected ‘)’ before ‘*’ token
jni.h:257:22: error: expected ‘)’ before ‘*’ token
jni.h:259:22: error: expected ‘)’ before ‘*’ token
jni.h:261:22: error: expected ‘)’ before ‘*’ token
jni.h:263:22: error: expected ‘)’ before ‘*’ token
jni.h:266:21: error: expected ‘)’ before ‘*’ token
jni.h:268:23: error: expected ‘)’ before ‘*’ token
jni.h:271:24: error: expected ‘)’ before ‘*’ token
jni.h:274:22: error: expected ‘)’ before ‘*’ token
jni.h:276:22: error: expected ‘)’ before ‘*’ token
jni.h:278:22: error: expected ‘)’ before ‘*’ token
jni.h:281:23: error: expected ‘)’ before ‘*’ token
jni.h:283:23: error: expected ‘)’ before ‘*’ token
jni.h:285:23: error: expected ‘)’ before ‘*’ token
jni.h:288:20: error: expected ‘)’ before ‘*’ token
jni.h:290:20: error: expected ‘)’ before ‘*’ token
jni.h:292:20: error: expected ‘)’ before ‘*’ token
jni.h:295:20: error: expected ‘)’ before ‘*’ token
jni.h:297:20: error: expected ‘)’ before ‘*’ token
jni.h:299:20: error: expected ‘)’ before ‘*’ token
jni.h:302:21: error: expected ‘)’ before ‘*’ token
jni.h:304:21: error: expected ‘)’ before ‘*’ token
jni.h:306:21: error: expected ‘)’ before ‘*’ token
jni.h:309:19: error: expected ‘)’ before ‘*’ token
jni.h:311:19: error: expected ‘)’ before ‘*’ token
jni.h:313:19: error: expected ‘)’ before ‘*’ token
jni.h:316:20: error: expected ‘)’ before ‘*’ token
jni.h:318:20: error: expected ‘)’ before ‘*’ token
jni.h:320:20: error: expected ‘)’ before ‘*’ token
jni.h:323:21: error: expected ‘)’ before ‘*’ token
jni.h:325:21: error: expected ‘)’ before ‘*’ token
jni.h:327:21: error: expected ‘)’ before ‘*’ token
jni.h:330:22: error: expected ‘)’ before ‘*’ token
jni.h:332:22: error: expected ‘)’ before ‘*’ token
jni.h:334:22: error: expected ‘)’ before ‘*’ token
jni.h:337:19: error: expected ‘)’ before ‘*’ token
jni.h:339:19: error: expected ‘)’ before ‘*’ token
jni.h:341:19: error: expected ‘)’ before ‘*’ token
jni.h:344:22: error: expected ‘)’ before ‘*’ token
jni.h:346:22: error: expected ‘)’ before ‘*’ token
jni.h:349:22: error: expected ‘)’ before ‘*’ token
jni.h:353:23: error: expected ‘)’ before ‘*’ token
jni.h:355:23: error: expected ‘)’ before ‘*’ token
jni.h:358:23: error: expected ‘)’ before ‘*’ token
jni.h:362:20: error: expected ‘)’ before ‘*’ token
jni.h:364:20: error: expected ‘)’ before ‘*’ token
jni.h:367:20: error: expected ‘)’ before ‘*’ token
jni.h:371:20: error: expected ‘)’ before ‘*’ token
jni.h:373:20: error: expected ‘)’ before ‘*’ token
jni.h:376:20: error: expected ‘)’ before ‘*’ token
jni.h:380:21: error: expected ‘)’ before ‘*’ token
jni.h:382:21: error: expected ‘)’ before ‘*’ token
jni.h:385:21: error: expected ‘)’ before ‘*’ token
jni.h:389:19: error: expected ‘)’ before ‘*’ token
jni.h:391:19: error: expected ‘)’ before ‘*’ token
jni.h:394:19: error: expected ‘)’ before ‘*’ token
jni.h:398:20: error: expected ‘)’ before ‘*’ token
jni.h:400:20: error: expected ‘)’ before ‘*’ token
jni.h:403:20: error: expected ‘)’ before ‘*’ token
jni.h:407:21: error: expected ‘)’ before ‘*’ token
jni.h:409:21: error: expected ‘)’ before ‘*’ token
jni.h:412:21: error: expected ‘)’ before ‘*’ token
jni.h:416:22: error: expected ‘)’ before ‘*’ token
jni.h:418:22: error: expected ‘)’ before ‘*’ token
jni.h:421:22: error: expected ‘)’ before ‘*’ token
jni.h:425:19: error: expected ‘)’ before ‘*’ token
jni.h:427:19: error: expected ‘)’ before ‘*’ token
jni.h:430:19: error: expected ‘)’ before ‘*’ token
jni.h:434:23: error: expected ‘)’ before ‘*’ token
jni.h:437:22: error: expected ‘)’ before ‘*’ token
jni.h:439:23: error: expected ‘)’ before ‘*’ token
jni.h:441:20: error: expected ‘)’ before ‘*’ token
jni.h:443:20: error: expected ‘)’ before ‘*’ token
jni.h:445:21: error: expected ‘)’ before ‘*’ token
jni.h:447:19: error: expected ‘)’ before ‘*’ token
jni.h:449:20: error: expected ‘)’ before ‘*’ token
jni.h:451:21: error: expected ‘)’ before ‘*’ token
jni.h:453:22: error: expected ‘)’ before ‘*’ token
jni.h:456:19: error: expected ‘)’ before ‘*’ token
jni.h:458:19: error: expected ‘)’ before ‘*’ token
jni.h:460:19: error: expected ‘)’ before ‘*’ token
jni.h:462:19: error: expected ‘)’ before ‘*’ token
jni.h:464:19: error: expected ‘)’ before ‘*’ token
jni.h:466:19: error: expected ‘)’ before ‘*’ token
jni.h:468:19: error: expected ‘)’ before ‘*’ token
jni.h:470:19: error: expected ‘)’ before ‘*’ token
jni.h:472:19: error: expected ‘)’ before ‘*’ token
jni.h:475:24: error: expected ‘)’ before ‘*’ token
jni.h:478:22: error: expected ‘)’ before ‘*’ token
jni.h:480:22: error: expected ‘)’ before ‘*’ token
jni.h:482:22: error: expected ‘)’ before ‘*’ token
jni.h:485:23: error: expected ‘)’ before ‘*’ token
jni.h:487:23: error: expected ‘)’ before ‘*’ token
jni.h:489:23: error: expected ‘)’ before ‘*’ token
jni.h:492:20: error: expected ‘)’ before ‘*’ token
jni.h:494:20: error: expected ‘)’ before ‘*’ token
jni.h:496:20: error: expected ‘)’ before ‘*’ token
jni.h:499:20: error: expected ‘)’ before ‘*’ token
jni.h:501:20: error: expected ‘)’ before ‘*’ token
jni.h:503:20: error: expected ‘)’ before ‘*’ token
jni.h:506:21: error: expected ‘)’ before ‘*’ token
jni.h:508:21: error: expected ‘)’ before ‘*’ token
jni.h:510:21: error: expected ‘)’ before ‘*’ token
jni.h:513:19: error: expected ‘)’ before ‘*’ token
jni.h:515:19: error: expected ‘)’ before ‘*’ token
jni.h:517:19: error: expected ‘)’ before ‘*’ token
jni.h:520:20: error: expected ‘)’ before ‘*’ token
jni.h:522:20: error: expected ‘)’ before ‘*’ token
jni.h:524:20: error: expected ‘)’ before ‘*’ token
jni.h:527:21: error: expected ‘)’ before ‘*’ token
jni.h:529:21: error: expected ‘)’ before ‘*’ token
jni.h:531:21: error: expected ‘)’ before ‘*’ token
jni.h:534:22: error: expected ‘)’ before ‘*’ token
jni.h:536:22: error: expected ‘)’ before ‘*’ token
jni.h:538:22: error: expected ‘)’ before ‘*’ token
jni.h:541:19: error: expected ‘)’ before ‘*’ token
jni.h:543:19: error: expected ‘)’ before ‘*’ token
jni.h:545:19: error: expected ‘)’ before ‘*’ token
jni.h:548:23: error: expected ‘)’ before ‘*’ token
jni.h:550:22: error: expected ‘)’ before ‘*’ token
jni.h:552:23: error: expected ‘)’ before ‘*’ token
jni.h:554:20: error: expected ‘)’ before ‘*’ token
jni.h:556:20: error: expected ‘)’ before ‘*’ token
jni.h:558:21: error: expected ‘)’ before ‘*’ token
jni.h:560:19: error: expected ‘)’ before ‘*’ token
jni.h:562:20: error: expected ‘)’ before ‘*’ token
jni.h:564:21: error: expected ‘)’ before ‘*’ token
jni.h:566:22: error: expected ‘)’ before ‘*’ token
jni.h:569:19: error: expected ‘)’ before ‘*’ token
jni.h:571:19: error: expected ‘)’ before ‘*’ token
jni.h:573:19: error: expected ‘)’ before ‘*’ token
jni.h:575:19: error: expected ‘)’ before ‘*’ token
jni.h:577:19: error: expected ‘)’ before ‘*’ token
jni.h:579:19: error: expected ‘)’ before ‘*’ token
jni.h:581:19: error: expected ‘)’ before ‘*’ token
jni.h:583:19: error: expected ‘)’ before ‘*’ token
jni.h:585:19: error: expected ‘)’ before ‘*’ token
jni.h:588:22: error: expected ‘)’ before ‘*’ token
jni.h:590:20: error: expected ‘)’ before ‘*’ token
jni.h:592:27: error: expected ‘)’ before ‘*’ token
jni.h:594:19: error: expected ‘)’ before ‘*’ token
jni.h:597:22: error: expected ‘)’ before ‘*’ token
jni.h:599:20: error: expected ‘)’ before ‘*’ token
jni.h:601:26: error: expected ‘)’ before ‘*’ token
jni.h:603:19: error: expected ‘)’ before ‘*’ token
jni.h:607:20: error: expected ‘)’ before ‘*’ token
jni.h:610:27: error: expected ‘)’ before ‘*’ token
jni.h:612:22: error: expected ‘)’ before ‘*’ token
jni.h:614:19: error: expected ‘)’ before ‘*’ token
jni.h:617:28: error: expected ‘)’ before ‘*’ token
jni.h:619:25: error: expected ‘)’ before ‘*’ token
jni.h:621:25: error: expected ‘)’ before ‘*’ token
jni.h:623:26: error: expected ‘)’ before ‘*’ token
jni.h:625:24: error: expected ‘)’ before ‘*’ token
jni.h:627:25: error: expected ‘)’ before ‘*’ token
jni.h:629:26: error: expected ‘)’ before ‘*’ token
jni.h:631:27: error: expected ‘)’ before ‘*’ token
jni.h:634:25: error: expected ‘)’ before ‘*’ token
jni.h:636:22: error: expected ‘)’ before ‘*’ token
jni.h:638:22: error: expected ‘)’ before ‘*’ token
jni.h:640:23: error: expected ‘)’ before ‘*’ token
jni.h:642:21: error: expected ‘)’ before ‘*’ token
jni.h:644:22: error: expected ‘)’ before ‘*’ token
jni.h:646:23: error: expected ‘)’ before ‘*’ token
jni.h:648:24: error: expected ‘)’ before ‘*’ token
jni.h:651:19: error: expected ‘)’ before ‘*’ token
jni.h:653:19: error: expected ‘)’ before ‘*’ token
jni.h:655:19: error: expected ‘)’ before ‘*’ token
jni.h:657:19: error: expected ‘)’ before ‘*’ token
jni.h:659:19: error: expected ‘)’ before ‘*’ token
jni.h:661:19: error: expected ‘)’ before ‘*’ token
jni.h:663:19: error: expected ‘)’ before ‘*’ token
jni.h:665:19: error: expected ‘)’ before ‘*’ token
jni.h:668:19: error: expected ‘)’ before ‘*’ token
jni.h:670:19: error: expected ‘)’ before ‘*’ token
jni.h:672:19: error: expected ‘)’ before ‘*’ token
jni.h:674:19: error: expected ‘)’ before ‘*’ token
jni.h:676:19: error: expected ‘)’ before ‘*’ token
jni.h:678:19: error: expected ‘)’ before ‘*’ token
jni.h:680:19: error: expected ‘)’ before ‘*’ token
jni.h:682:19: error: expected ‘)’ before ‘*’ token
jni.h:685:19: error: expected ‘)’ before ‘*’ token
jni.h:687:19: error: expected ‘)’ before ‘*’ token
jni.h:689:19: error: expected ‘)’ before ‘*’ token
jni.h:691:19: error: expected ‘)’ before ‘*’ token
jni.h:693:19: error: expected ‘)’ before ‘*’ token
jni.h:695:19: error: expected ‘)’ before ‘*’ token
jni.h:697:19: error: expected ‘)’ before ‘*’ token
jni.h:699:19: error: expected ‘)’ before ‘*’ token
jni.h:702:19: error: expected ‘)’ before ‘*’ token
jni.h:705:19: error: expected ‘)’ before ‘*’ token
jni.h:708:19: error: expected ‘)’ before ‘*’ token
jni.h:710:19: error: expected ‘)’ before ‘*’ token
jni.h:713:19: error: expected ‘)’ before ‘*’ token
jni.h:716:19: error: expected ‘)’ before ‘*’ token
jni.h:718:19: error: expected ‘)’ before ‘*’ token
jni.h:721:21: error: expected ‘)’ before ‘*’ token
jni.h:723:19: error: expected ‘)’ before ‘*’ token
jni.h:726:28: error: expected ‘)’ before ‘*’ token
jni.h:728:19: error: expected ‘)’ before ‘*’ token
jni.h:731:20: error: expected ‘)’ before ‘*’ token
jni.h:733:19: error: expected ‘)’ before ‘*’ token
jni.h:736:23: error: expected ‘)’ before ‘*’ token
jni.h:739:22: error: expected ‘)’ before ‘*’ token
jni.h:741:20: error: expected ‘)’ before ‘*’ token
jni.h:743:20: error: expected ‘)’ before ‘*’ token
jni.h:748:29: error: expected ‘)’ before ‘*’ token
jni.h:750:1: warning: no semicolon at end of struct or union [enabled by default]
jni.h:1877:19: error: expected ‘)’ before ‘*’ token
jni.h:1879:19: error: expected ‘)’ before ‘*’ token
jni.h:1881:19: error: expected ‘)’ before ‘*’ token
jni.h:1883:19: error: expected ‘)’ before ‘*’ token
jni.h:1885:19: error: expected ‘)’ before ‘*’ token
jni.h:1886:1: warning: no semicolon at end of struct or union [enabled by default]
jni.h: In function ‘__declspec’:
jni.h:1917:1: error: expected ‘=’, ‘,’, ‘;’, ‘asm’ or ‘__attribute__’ before ‘JNI_GetDefaultJavaVMInitArgs’
jni.h:1919:1: error: expected declaration specifiers before ‘__declspec’
jni.h:1922:1: error: expected declaration specifiers before ‘__declspec’
jni.h:1926:1: error: expected declaration specifiers before ‘__declspec’
jni.h:1929:1: error: expected declaration specifiers before ‘__declspec’
In file included from SerialChannel.h:26:0,
                 from SerialChannel.c:21:
org_vesalainen_comm_channel_winx_WinSerialChannel.h:19:1: error: expected declaration specifiers before ‘__declspec’
org_vesalainen_comm_channel_winx_WinSerialChannel.h:27:1: error: expected declaration specifiers before ‘__declspec’
org_vesalainen_comm_channel_winx_WinSerialChannel.h:35:1: error: expected declaration specifiers before ‘__declspec’
org_vesalainen_comm_channel_winx_WinSerialChannel.h:43:1: error: expected declaration specifiers before ‘__declspec’
org_vesalainen_comm_channel_winx_WinSerialChannel.h:51:1: error: expected declaration specifiers before ‘__declspec’
org_vesalainen_comm_channel_winx_WinSerialChannel.h:59:1: error: expected declaration specifiers before ‘__declspec’
org_vesalainen_comm_channel_winx_WinSerialChannel.h:67:1: error: expected declaration specifiers before ‘__declspec’
org_vesalainen_comm_channel_winx_WinSerialChannel.h:75:1: error: expected declaration specifiers before ‘__declspec’
org_vesalainen_comm_channel_winx_WinSerialChannel.h:83:1: error: expected declaration specifiers before ‘__declspec’
org_vesalainen_comm_channel_winx_WinSerialChannel.h:91:1: error: expected declaration specifiers before ‘__declspec’
org_vesalainen_comm_channel_winx_WinSerialChannel.h:99:1: error: expected declaration specifiers before ‘__declspec’
org_vesalainen_comm_channel_winx_WinSerialChannel.h:107:1: error: expected declaration specifiers before ‘__declspec’
org_vesalainen_comm_channel_winx_WinSerialChannel.h:115:1: error: expected declaration specifiers before ‘__declspec’
org_vesalainen_comm_channel_winx_WinSerialChannel.h:123:1: error: expected declaration specifiers before ‘__declspec’
In file included from SerialChannel.c:21:0:
SerialChannel.h:37:2: error: expected declaration specifiers or ‘...’ before ‘)’ token
SerialChannel.c:31:12: error: storage class specified for parameter ‘debug’
SerialChannel.c:33:1: error: expected declaration specifiers before ‘__declspec’
SerialChannel.c:44:1: error: expected declaration specifiers before ‘__declspec’
SerialChannel.c:55:1: error: expected declaration specifiers before ‘__declspec’
SerialChannel.c:65:1: error: expected declaration specifiers before ‘__declspec’
SerialChannel.c:138:1: error: expected declaration specifiers before ‘__declspec’
SerialChannel.c:148:1: error: expected declaration specifiers before ‘__declspec’
SerialChannel.c:152:1: error: expected declaration specifiers before ‘__declspec’
SerialChannel.c:156:1: error: expected declaration specifiers before ‘__declspec’
SerialChannel.c:161:1: error: expected declaration specifiers before ‘__declspec’
SerialChannel.c:167:1: error: expected declaration specifiers before ‘__declspec’
SerialChannel.c:173:1: error: expected declaration specifiers before ‘__declspec’
SerialChannel.c:182:1: error: expected declaration specifiers before ‘__declspec’
SerialChannel.c:291:1: error: expected declaration specifiers before ‘__declspec’
SerialChannel.c:397:1: error: expected declaration specifiers before ‘__declspec’
SerialChannel.c:442:1: error: expected ‘=’, ‘,’, ‘;’, ‘asm’ or ‘__attribute__’ before ‘{’ token
SerialChannel.c:471:5: error: unknown type name ‘HANDLE’
SerialChannel.c:656:1: error: expected ‘=’, ‘,’, ‘;’, ‘asm’ or ‘__attribute__’ before ‘{’ token
SerialChannel.c:31:12: error: declaration for parameter ‘debug’ but no such parameter
SerialChannel.c:23:6: error: declaration for parameter ‘hexdump’ but no such parameter
In file included from SerialChannel.c:21:0:
SerialChannel.h:28:6: error: declaration for parameter ‘exception’ but no such parameter
SerialChannel.c:667:1: error: expected ‘{’ at end of input
make: *** [SerialChannel.o] Error 1
